<?xml version="1.0" encoding="UTF-8"?>
<!-- Generated by org.testng.reporters.JUnitReportReporter -->
<testsuite hostname="LTIN278707" failures="0" tests="1" name="Testcases.Test002" time="17.673" errors="0" timestamp="2024-02-28T17:24:43 IST" skipped="0">
  <testcase classname="Testcases.Test002" name="Freelistingpage" time="17.673"/>
  <system-out/>
</testsuite> <!-- Testcases.Test002 -->
