<?xml version="1.0" encoding="UTF-8"?>
<!-- Generated by org.testng.reporters.JUnitReportReporter -->
<testsuite hostname="LTIN278707" failures="0" tests="2" name="Testcases.Test002" time="9.830" errors="0" timestamp="2024-03-28T10:43:39 IST" skipped="0">
  <testcase classname="Testcases.Test002" name="Freelistingpage" time="8.296"/>
  <system-out/>
  <testcase classname="Testcases.Test002" name="check" time="1.534"/>
  <system-out/>
</testsuite> <!-- Testcases.Test002 -->
