<?xml version="1.0" encoding="UTF-8"?>
<!-- Generated by org.testng.reporters.JUnitReportReporter -->
<testsuite hostname="LTIN278707" failures="0" tests="3" name="Testcases.Test001" time="58.865" errors="0" timestamp="2024-03-28T10:43:39 IST" skipped="0">
  <testcase classname="Testcases.Test001" name="JustDialHomePage" time="1.820"/>
  <system-out/>
  <testcase classname="Testcases.Test001" name="selectlocation" time="9.749"/>
  <system-out/>
  <testcase classname="Testcases.Test001" name="secondpage" time="47.296"/>
  <system-out/>
</testsuite> <!-- Testcases.Test001 -->
