<?xml version="1.0" encoding="UTF-8"?>
<!-- Generated by org.testng.reporters.JUnitReportReporter -->
<testsuite hostname="LTIN278707" failures="0" tests="1" name="Testcases.Test003" time="13.905" errors="0" timestamp="2024-02-28T10:20:23 IST" skipped="0">
  <testcase classname="Testcases.Test003" name="GymPage" time="13.905"/>
  <system-out/>
</testsuite> <!-- Testcases.Test003 -->
