<?xml version="1.0" encoding="UTF-8"?>
<!-- Generated by org.testng.reporters.JUnitReportReporter -->
<testsuite hostname="LTIN278707" failures="0" tests="2" name="Testcases.Test003" time="16.557" errors="0" timestamp="2024-03-28T10:43:39 IST" skipped="0">
  <testcase classname="Testcases.Test003" name="GymPage" time="10.261"/>
  <system-out/>
  <testcase classname="Testcases.Test003" name="collectinfo" time="6.296"/>
  <system-out/>
</testsuite> <!-- Testcases.Test003 -->
